<?xml version="1.0" encoding="UTF-8"?>
<!-- Generated by org.testng.reporters.JUnitReportReporter -->
<testsuite hostname="DESKTOP-232FA35" failures="0" tests="1" name="basic_Frame_work.Groups_scripts" time="0.018" errors="0" timestamp="2023-05-19T15:22:29 IST" skipped="0">
  <testcase classname="basic_Frame_work.Groups_scripts" name="test3" time="0.018"/>
  <system-out/>
</testsuite> <!-- basic_Frame_work.Groups_scripts -->
