<?xml version="1.0" encoding="UTF-8"?>
<!-- Generated by org.testng.reporters.JUnitReportReporter -->
<testsuite hostname="DESKTOP-232FA35" failures="0" tests="1" name="scripts.Loginscript" time="12.194" errors="0" timestamp="2023-05-18T14:46:36 IST" skipped="0">
  <testcase classname="scripts.Loginscript" name="validlogin" time="12.194"/>
  <system-out/>
</testsuite> <!-- scripts.Loginscript -->
