<?xml version="1.0" encoding="UTF-8"?>
<!-- Generated by org.testng.reporters.JUnitReportReporter -->
<testsuite hostname="DESKTOP-232FA35" failures="0" tests="4" name="scripts.Test4" time="0.023" errors="0" timestamp="2023-05-18T09:21:59 IST" skipped="0">
  <testcase classname="scripts.Test4" name="data2" time="0.016"/>
  <system-out>
    <![CDATA[2]]>
  </system-out>
  <testcase classname="scripts.Test4" name="data1" time="0.003"/>
  <system-out>
    <![CDATA[1]]>
  </system-out>
  <testcase classname="scripts.Test4" name="data1" time="0.002"/>
  <system-out>
    <![CDATA[1]]>
  </system-out>
  <testcase classname="scripts.Test4" name="data1" time="0.002"/>
  <system-out>
    <![CDATA[1]]>
  </system-out>
</testsuite> <!-- scripts.Test4 -->
