<?xml version="1.0" encoding="UTF-8"?>
<!-- Generated by org.testng.reporters.JUnitReportReporter -->
<testsuite hostname="DESKTOP-232FA35" failures="0" tests="2" name="scripts.Script_to_skip_the_testcase" time="0.015" errors="0" timestamp="2023-05-15T15:33:53 IST" skipped="1">
  <testcase classname="scripts.Script_to_skip_the_testcase" name="data2" time="0.015"/>
  <system-out>
    <![CDATA[2]]>
  </system-out>
  <testcase classname="scripts.Script_to_skip_the_testcase" name="data1">
    <skipped/>
  </testcase> <!-- data1 -->
  <system-out/>
</testsuite> <!-- scripts.Script_to_skip_the_testcase -->
