<?xml version="1.0" encoding="UTF-8"?>
<!-- Generated by org.testng.reporters.JUnitReportReporter -->
<testsuite hostname="DESKTOP-232FA35" failures="0" tests="1" name="scripts.Property_file" time="0.017" errors="0" timestamp="2023-05-22T13:36:05 IST" skipped="0">
  <testcase classname="scripts.Property_file" name="data" time="0.017"/>
  <system-out/>
</testsuite> <!-- scripts.Property_file -->
