<?xml version="1.0" encoding="UTF-8"?>
<!-- Generated by org.testng.reporters.JUnitReportReporter -->
<testsuite hostname="DESKTOP-232FA35" failures="0" tests="1" name="basic_Frame_work.Test_script" time="12.172" errors="0" timestamp="2023-05-30T13:23:05 IST" skipped="0">
  <testcase classname="basic_Frame_work.Test_script" name="validlogin" time="12.172"/>
  <system-out/>
</testsuite> <!-- basic_Frame_work.Test_script -->
