<?xml version="1.0" encoding="UTF-8"?>
<!-- Generated by org.testng.reporters.JUnitReportReporter -->
<testsuite hostname="DESKTOP-232FA35" failures="0" tests="2" name="scripts.Test1" time="0.020" errors="0" timestamp="2023-05-17T08:35:11 IST" skipped="0">
  <testcase classname="scripts.Test1" name="data2" time="0.004"/>
  <system-out>
    <![CDATA[2]]>
  </system-out>
  <testcase classname="scripts.Test1" name="data1" time="0.016"/>
  <system-out>
    <![CDATA[1]]>
  </system-out>
</testsuite> <!-- scripts.Test1 -->
