<?xml version="1.0" encoding="UTF-8"?>
<!-- Generated by org.testng.reporters.JUnitReportReporter -->
<testsuite hostname="DESKTOP-232FA35" failures="0" tests="1" name="scripts.Realia_project" time="24.464" errors="0" timestamp="2023-05-16T13:19:53 IST" skipped="0">
  <testcase classname="scripts.Realia_project" name="search" time="24.464"/>
  <system-out/>
</testsuite> <!-- scripts.Realia_project -->
