<?xml version="1.0" encoding="UTF-8"?>
<!-- Generated by org.testng.reporters.JUnitReportReporter -->
<testsuite hostname="DESKTOP-232FA35" failures="0" tests="2" name="scripts.Testscript1" time="21.390" errors="0" timestamp="2023-05-22T13:20:12 IST" skipped="0">
  <testcase classname="scripts.Testscript1" name="validLogin" time="8.350"/>
  <system-out/>
  <testcase classname="scripts.Testscript1" name="validLogin" time="13.040"/>
  <system-out/>
</testsuite> <!-- scripts.Testscript1 -->
