<?xml version="1.0" encoding="UTF-8"?>
<!-- Generated by org.testng.reporters.JUnitReportReporter -->
<testsuite hostname="DESKTOP-232FA35" failures="0" tests="1" name="scripts.Test2" time="0.015" errors="0" timestamp="2023-05-17T08:34:57 IST" skipped="0">
  <testcase classname="scripts.Test2" name="data3" time="0.015"/>
  <system-out>
    <![CDATA[3]]>
  </system-out>
</testsuite> <!-- scripts.Test2 -->
