<?xml version="1.0" encoding="UTF-8"?>
<!-- Generated by org.testng.reporters.JUnitReportReporter -->
<testsuite hostname="DESKTOP-232FA35" failures="0" tests="6" name="scripts.Test3" time="0.046" errors="0" timestamp="2023-05-18T09:20:47 IST" skipped="0">
  <testcase classname="scripts.Test3" name="data3" time="0.003"/>
  <system-out>
    <![CDATA[3]]>
  </system-out>
  <testcase classname="scripts.Test3" name="data2" time="0.014"/>
  <system-out>
    <![CDATA[2]]>
  </system-out>
  <testcase classname="scripts.Test3" name="data5" time="0.010"/>
  <system-out>
    <![CDATA[5]]>
  </system-out>
  <testcase classname="scripts.Test3" name="data6" time="0.014"/>
  <system-out>
    <![CDATA[6]]>
  </system-out>
  <testcase classname="scripts.Test3" name="data4" time="0.002"/>
  <system-out>
    <![CDATA[4]]>
  </system-out>
  <testcase classname="scripts.Test3" name="data1" time="0.003"/>
  <system-out>
    <![CDATA[1]]>
  </system-out>
</testsuite> <!-- scripts.Test3 -->
